

*******************************************************************************
Mon Dec 20 02:34:03 2021


FIT:    data read from 'input.txt' using 1:2
        format = x:z
        #datapoints = 10
        residuals are weighted equally (unit weight)

function used for fitting: f(x)
	f(x) = a*x + b
fitted parameters initialized with current variable values

iter      chisq       delta/lim  lambda   a             b            
   0 6.5780430000e+02   0.00e+00  1.57e+00    1.000000e+00   1.000000e+00
   4 4.4723515152e-01  -2.80e-04  1.57e-04    6.148788e+00  -1.233697e+00

After 4 iterations the fit converged.
final sum of squares of residuals : 0.447235
rel. change during last iteration : -2.80238e-09

degrees of freedom    (FIT_NDF)                        : 8
rms of residuals      (FIT_STDFIT) = sqrt(WSSR/ndf)    : 0.236441
variance of residuals (reduced chisquare) = WSSR/ndf   : 0.0559044

Final set of parameters            Asymptotic Standard Error
=======================            ==========================
a               = 6.14879          +/- 0.1302       (2.117%)
b               = -1.2337          +/- 0.2584       (20.94%)

correlation matrix of the fit parameters:
                a      b      
a               1.000 
b              -0.957  1.000 
