

*******************************************************************************
Tue Dec 21 16:41:59 2021


FIT:    data read from 'data.txt'
        format = z
        #datapoints = 100000
        residuals are weighted equally (unit weight)

function used for fitting: f(x)
	f(x) = a*x**2 +b*x + c
fitted parameters initialized with current variable values

iter      chisq       delta/lim  lambda   a             b             c            
   0 1.0000203102e+05   0.00e+00  5.77e-01    1.000000e+00   1.000000e+00   1.000000e+00
   6 9.9069142969e-07  -2.49e-06  5.77e-07    2.562316e-01  -5.902594e-04   2.156093e-06

After 6 iterations the fit converged.
final sum of squares of residuals : 9.90691e-07
rel. change during last iteration : -2.49149e-11

degrees of freedom    (FIT_NDF)                        : 99997
rms of residuals      (FIT_STDFIT) = sqrt(WSSR/ndf)    : 3.14757e-06
variance of residuals (reduced chisquare) = WSSR/ndf   : 9.90721e-12

Final set of parameters            Asymptotic Standard Error
=======================            ==========================
a               = 0.256232         +/- 0.0006979    (0.2724%)
b               = -0.000590259     +/- 5.664e-05    (9.596%)
c               = 2.15609e-06      +/- 9.971e-09    (0.4624%)

correlation matrix of the fit parameters:
                a      b      c      
a               1.000 
b              -0.901  1.000 
c               0.050 -0.058  1.000 


*******************************************************************************
Tue Dec 21 16:49:18 2021


FIT:    data read from 'data2.txt'
        format = z
        #datapoints = 991
        residuals are weighted equally (unit weight)

function used for fitting: f(x)
	f(x) = a*x**2 + b*x + c
fitted parameters initialized with current variable values

iter      chisq       delta/lim  lambda   a             b             c            
   0 9.9165336384e+02   0.00e+00  5.77e-01    1.000000e+00   1.000000e+00   1.000000e+00
   8 1.3617622094e-06  -3.21e-08  5.77e-09    1.038157e+02  -3.607100e-02   4.926676e-05

After 8 iterations the fit converged.
final sum of squares of residuals : 1.36176e-06
rel. change during last iteration : -3.21425e-13

degrees of freedom    (FIT_NDF)                        : 988
rms of residuals      (FIT_STDFIT) = sqrt(WSSR/ndf)    : 3.71255e-05
variance of residuals (reduced chisquare) = WSSR/ndf   : 1.3783e-09

Final set of parameters            Asymptotic Standard Error
=======================            ==========================
a               = 103.816          +/- 0.4515       (0.4349%)
b               = -0.036071        +/- 0.003051     (8.457%)
c               = 4.92668e-05      +/- 1.562e-06    (3.17%)

correlation matrix of the fit parameters:
                a      b      c      
a               1.000 
b              -0.906  1.000 
c               0.527 -0.643  1.000 
