

*******************************************************************************
Mon Dec 20 22:23:57 2021


FIT:    data read from 'input.txt' using 1:2
        format = x:z
        #datapoints = 11
        residuals are weighted equally (unit weight)

function used for fitting: f(x)
	f(x) = A*exp(b*x)
fitted parameters initialized with current variable values

iter      chisq       delta/lim  lambda   A             b            
   0 1.0111915833e+03   0.00e+00  5.33e+00    1.000000e+00   1.000000e+00
   6 2.2111680197e+00  -2.83e-01  5.33e-05    2.703513e+00   1.153370e+00

After 6 iterations the fit converged.
final sum of squares of residuals : 2.21117
rel. change during last iteration : -2.82731e-06

degrees of freedom    (FIT_NDF)                        : 9
rms of residuals      (FIT_STDFIT) = sqrt(WSSR/ndf)    : 0.495667
variance of residuals (reduced chisquare) = WSSR/ndf   : 0.245685

Final set of parameters            Asymptotic Standard Error
=======================            ==========================
A               = 2.70351          +/- 0.1317       (4.872%)
b               = 1.15337          +/- 0.02833      (2.456%)

correlation matrix of the fit parameters:
                A      b      
A               1.000 
b              -0.974  1.000 


*******************************************************************************
Mon Dec 20 22:43:36 2021


FIT:    data read from 'input.txt' using 1:2
        format = x:z
        #datapoints = 11
        residuals are weighted equally (unit weight)

function used for fitting: f(x)
	f(x) = A*exp(b*x)
fitted parameters initialized with current variable values

iter      chisq       delta/lim  lambda   A             b            
   0 2.2111680197e+00   0.00e+00  2.11e+01    2.703513e+00   1.153370e+00
   1 2.2111679916e+00  -1.27e-02  2.11e+00    2.703507e+00   1.153371e+00

After 1 iterations the fit converged.
final sum of squares of residuals : 2.21117
rel. change during last iteration : -1.27031e-08

degrees of freedom    (FIT_NDF)                        : 9
rms of residuals      (FIT_STDFIT) = sqrt(WSSR/ndf)    : 0.495667
variance of residuals (reduced chisquare) = WSSR/ndf   : 0.245685

Final set of parameters            Asymptotic Standard Error
=======================            ==========================
A               = 2.70351          +/- 0.1317       (4.872%)
b               = 1.15337          +/- 0.02833      (2.456%)

correlation matrix of the fit parameters:
                A      b      
A               1.000 
b              -0.974  1.000 


*******************************************************************************
Mon Dec 20 22:43:54 2021


FIT:    data read from 'input.txt' using 1:2
        format = x:z
        #datapoints = 11
        residuals are weighted equally (unit weight)

function used for fitting: f(x)
	f(x) = A*exp(b*x)
fitted parameters initialized with current variable values

iter      chisq       delta/lim  lambda   A             b            
   0 2.2111679916e+00   0.00e+00  2.11e+01    2.703507e+00   1.153371e+00
   5 2.2111678772e+00   0.00e+00  2.11e+04    2.703478e+00   1.153377e+00

After 5 iterations the fit converged.
final sum of squares of residuals : 2.21117
rel. change during last iteration : 0

degrees of freedom    (FIT_NDF)                        : 9
rms of residuals      (FIT_STDFIT) = sqrt(WSSR/ndf)    : 0.495667
variance of residuals (reduced chisquare) = WSSR/ndf   : 0.245685

Final set of parameters            Asymptotic Standard Error
=======================            ==========================
A               = 2.70348          +/- 0.1317       (4.872%)
b               = 1.15338          +/- 0.02833      (2.456%)

correlation matrix of the fit parameters:
                A      b      
A               1.000 
b              -0.974  1.000 


*******************************************************************************
Mon Dec 20 22:44:03 2021


FIT:    data read from 'input.txt' using 1:2
        format = x:z
        #datapoints = 11
        residuals are weighted equally (unit weight)

function used for fitting: f(x)
	f(x) = A*exp(b*x)
fitted parameters initialized with current variable values

iter      chisq       delta/lim  lambda   A             b            
   0 2.2111678772e+00   0.00e+00  2.11e+01    2.703478e+00   1.153377e+00
   1 2.2111678772e+00   0.00e+00  2.11e+04    2.703478e+00   1.153377e+00

After 1 iterations the fit converged.
final sum of squares of residuals : 2.21117
rel. change during last iteration : 0

degrees of freedom    (FIT_NDF)                        : 9
rms of residuals      (FIT_STDFIT) = sqrt(WSSR/ndf)    : 0.495667
variance of residuals (reduced chisquare) = WSSR/ndf   : 0.245685

Final set of parameters            Asymptotic Standard Error
=======================            ==========================
A               = 2.70348          +/- 0.1317       (4.872%)
b               = 1.15338          +/- 0.02833      (2.456%)

correlation matrix of the fit parameters:
                A      b      
A               1.000 
b              -0.974  1.000 


*******************************************************************************
Mon Dec 20 22:44:27 2021


FIT:    data read from 'input.txt' using 1:2
        format = x:z
        #datapoints = 11
        residuals are weighted equally (unit weight)

function used for fitting: f(x)
	f(x) = A*exp(b*x)
fitted parameters initialized with current variable values

iter      chisq       delta/lim  lambda   A             b            
   0 2.2111678772e+00   0.00e+00  2.11e+01    2.703478e+00   1.153377e+00
   1 2.2111678772e+00   0.00e+00  2.11e+04    2.703478e+00   1.153377e+00

After 1 iterations the fit converged.
final sum of squares of residuals : 2.21117
rel. change during last iteration : 0

degrees of freedom    (FIT_NDF)                        : 9
rms of residuals      (FIT_STDFIT) = sqrt(WSSR/ndf)    : 0.495667
variance of residuals (reduced chisquare) = WSSR/ndf   : 0.245685

Final set of parameters            Asymptotic Standard Error
=======================            ==========================
A               = 2.70348          +/- 0.1317       (4.872%)
b               = 1.15338          +/- 0.02833      (2.456%)

correlation matrix of the fit parameters:
                A      b      
A               1.000 
b              -0.974  1.000 


*******************************************************************************
Mon Dec 20 22:44:36 2021


FIT:    data read from 'input.txt' using 1:2
        format = x:z
        #datapoints = 11
        residuals are weighted equally (unit weight)

function used for fitting: f(x)
	f(x) = A*exp(b*x)
fitted parameters initialized with current variable values

iter      chisq       delta/lim  lambda   A             b            
   0 2.2111678772e+00   0.00e+00  2.11e+01    2.703478e+00   1.153377e+00
   1 2.2111678772e+00   0.00e+00  2.11e+04    2.703478e+00   1.153377e+00

After 1 iterations the fit converged.
final sum of squares of residuals : 2.21117
rel. change during last iteration : 0

degrees of freedom    (FIT_NDF)                        : 9
rms of residuals      (FIT_STDFIT) = sqrt(WSSR/ndf)    : 0.495667
variance of residuals (reduced chisquare) = WSSR/ndf   : 0.245685

Final set of parameters            Asymptotic Standard Error
=======================            ==========================
A               = 2.70348          +/- 0.1317       (4.872%)
b               = 1.15338          +/- 0.02833      (2.456%)

correlation matrix of the fit parameters:
                A      b      
A               1.000 
b              -0.974  1.000 
